<?xml version="1.0" encoding="UTF-8"?>
<!-- Generated by org.testng.reporters.JUnitReportReporter -->
<testsuite hostname="LENOVO-B40" failures="0" tests="2" name="Academytoolsqa.HomePage2" time="64.081" errors="0" timestamp="2020-10-02T12:31:13 IST" skipped="0">
  <testcase classname="Academytoolsqa.HomePage2" name="clickingLinksSecondrun" time="31.661"/>
  <system-out/>
  <testcase classname="Academytoolsqa.HomePage2" name="clickingLinksFirstrun" time="32.420"/>
  <system-out/>
</testsuite> <!-- Academytoolsqa.HomePage2 -->
