<?xml version="1.0" encoding="UTF-8"?>
<!-- Generated by org.testng.reporters.JUnitReportReporter -->
<testsuite hostname="LENOVO-B40" failures="0" tests="1" name="Academytoolsqa.ScreenshotCompare" time="0.381" errors="0" timestamp="2020-10-02T12:31:13 IST" skipped="0">
  <testcase classname="Academytoolsqa.ScreenshotCompare" name="imageCompare" time="0.381"/>
  <system-out/>
</testsuite> <!-- Academytoolsqa.ScreenshotCompare -->
